
<!DOCTYPE html>
<html>


<head>
	<meta charset='UTF-8' /> 
	<meta name='description' content='' />
	<meta name='robots' content='noodp, noydir' />
	<meta name='viewport' content='width=device-width, initial-scale=1' />
	<meta id="timeStampFormat" name="timeStampFormat" content='MMM d, yyyy hh:mm:ss a'/>
	
	<link href='https://fonts.googleapis.com/css?family=Source+Sans+Pro:400,600' rel='stylesheet' type='text/css'>
	<link href="https://fonts.googleapis.com/icon?family=Material+Icons" rel="stylesheet">

		<link href='https://cdn.rawgit.com/anshooarora/extentreports-java/b4a58fcfd1e137bd9287244035a7c80d3d73b3af/dist/css/extent.css' type='text/css' rel='stylesheet' />
	
	<title>JTAF Test Report</title>

	<style type='text/css'>
			
            
                
            
        
	</style>
</head>

	<body class='extent dark default hide-overflow '>
		<div id='theme-selector' alt='Click to toggle theme. To enable by default, use theme configuration.' title='Click to toggle theme. To enable by default, use theme configuration.'>
			<span><i class='material-icons'>desktop_windows</i></span>
		</div>

<nav>
	<div class="nav-wrapper">
		<a href="#!" class="brand-logo blue darken-3">Extent</a>

		<!-- slideout menu -->
		<ul id='slide-out' class='side-nav fixed hide-on-med-and-down'>
			<li class='waves-effect active'><a href='#!' view='test-view' onclick="configureView(0);chartsView('test');"><i class='material-icons'>dashboard</i></a></li>
						<li class='waves-effect'><a href='#!' view='exception-view' onclick="configureView(2)"><i class='material-icons'>bug_report</i></a></li>
			<li class='waves-effect'><a href='#!' onclick="configureView(-1);chartsView('dashboard');" view='dashboard-view'><i class='material-icons'>track_changes</i></i></a></li>
		</ul>

		<!-- report name -->
		<span class='report-name'>Automation Report</span>
		
		<!-- report headline -->
		<span class='report-headline'></span>

		<!-- nav-right -->
		<ul id='nav-mobile' class='right hide-on-med-and-down nav-right'>
			<li>
                <a href='#!'>
                    <span class='label suite-start-time blue darken-3'>Mar 29, 2018 09:22:33 PM</span>
				</a>
			</li>
			<li>
                <a href='#!'>
                    <span class='label blue darken-3'>3.1.3</span>
				</a>
			</li>
		</ul>
	</div>
</nav>

		<!-- container -->
		<div class='container'>

<div id='test-view' class='view'>
				
	<section id='controls'>
		<div class='controls grey lighten-4'>
			<!-- test toggle -->
			<div class='chip transparent'>
				<a class='dropdown-button tests-toggle' data-activates='tests-toggle' data-constrainwidth='true' data-beloworigin='true' data-hover='true' href='#'>
					<i class='material-icons'>warning</i> Status
				</a>
				<ul id='tests-toggle' class='dropdown-content'>
											<li status='pass'><a href='#!'>Pass <i class='material-icons green-text'>check_circle</i></a></li>
						<li status='fail'><a href='#!'>Fail <i class='material-icons red-text'>cancel</i></a></li>
						<li status='error'><a href='#!'>Error <i class='material-icons red-text lighten-2'>error</i></a></li>
						<li status='warning'><a href='#!'>Warning <i class='material-icons orange-text'>warning</i></a></li>
					<li class='divider'></li>
					<li status='clear' clear='true'><a href='#!'>Clear Filters <i class='material-icons'>clear</i></a></li>
				</ul>
			</div>
			<!-- test toggle -->

			<!-- category toggle -->
			<!-- category toggle -->

			<!-- clear filters -->
			<div class='chip transparent hide'>
				<a class='' id='clear-filters' alt='Clear Filters' title='Clear Filters'>
					<i class='material-icons'>close</i> Clear
				</a>
			</div>
			<!-- clear filters -->

			<!-- enable dashboard -->
			<div id='toggle-test-view-charts' class='chip transparent'>
				<a class='pink-text' id='enable-dashboard' alt='Enable Dashboard' title='Enable Dashboard'>
					<i class='material-icons'>track_changes</i> Dashboard
				</a>
			</div>
			<!-- enable dashboard -->

			<!-- search -->
			<div class='chip transparent' alt='Search Tests' title='Search Tests'>
				<a href="#" class='search-div'>
					<i class='material-icons'>search</i> Search
				</a>

				<div class='input-field left hide'>
					<input id='search-tests' type='text' class='validate browser-default' placeholder='Search Tests...'>
				</div>
				
			</div>
			<!-- search -->
		</div>
	</section>


<div id='test-view-charts' class='subview-full'>
	<div id='charts-row' class='row nm-v nm-h'>
		<div class='col s12 m6 l6 np-h'>
			<div class='card-panel nm-v'>
				<div class='left panel-name'>Tests</div>
				<div class='chart-box'>
					<canvas id='parent-analysis' width='100' height='80'></canvas>
				</div>
				<div class='block text-small'>
					<span class='tooltipped' data-position='top' data-tooltip='50%'><span class='strong'>1</span> test(s) passed</span>
				</div>
				<div class='block text-small'>
					<span class='strong tooltipped' data-position='top' data-tooltip='50%'>1</span> test(s) failed, <span class='strong tooltipped' data-position='top' data-tooltip='0%'>0</span> others
				</div>
			</div>
		</div>
		
		<div class='col s12 m6 l6 np-h'>
			<div class='card-panel nm-v'>
				<div class='left panel-name'>Steps</div>
				<div class='chart-box'>
					<canvas id='child-analysis' width='100' height='80'></canvas>
				</div>
				<div class='block text-small'>
					<span class='tooltipped' data-position='top' data-tooltip='60.194%'><span class='strong'>62</span> step(s) passed</span>
				</div>
				<div class='block text-small'>
					<span class='strong tooltipped' data-position='top' data-tooltip='2.913%'>3</span> step(s) failed, <span class='strong tooltipped' data-position='top' data-tooltip='36.893%'>38</span> others
				</div>
			</div>
		</div>
		
	</div>
</div>

	<div class='subview-left left'>
		
		<div class='view-summary'>
			<h5>Tests</h5>
			<ul id='test-collection' class='test-collection'>
				
				
				<li class='test displayed active  pass' status='pass' bdd='false' test-id='1'>
					<div class='test-heading'>
						<span class='test-name'>TestBreyers_es_Mobile_Android Emulator_1-testMenus</span>
						<span class='test-time'>Mar 29, 2018 09:23:21 PM</span>
						<span class='test-status right pass'>pass</span>
					</div>
					<div class='test-content hide'>
<div class='test-time-info'>
	<span class='label start-time'>Mar 29, 2018 09:23:21 PM</span>
	<span class='label end-time'>Mar 29, 2018 09:29:06 PM</span>
	<span class='label time-taken grey lighten-1 white-text'>0h 5m 45s+43ms</span>
</div>
	<div class='test-steps'>
		<table class='bordered table-results'>
			<thead>
				<tr>
					<th>Status</th>
					<th>Timestamp</th>
					<th>Details</th>
				</tr>
			</thead>
			<tbody>
				<tr class='log' status='info'>
					<td class='status info' title='info' alt='info'><i class='material-icons'>info_outline</i></td>
					<td class='timestamp'>9:27:15 PM</td>
					<td class='step-details'>Thread - 12 , Executes Next Test Method - testMenus On Browser - Chrome</td>
				</tr>
				<tr class='log' status='pass'>
					<td class='status pass' title='pass' alt='pass'><i class='material-icons'>check_circle</i></td>
					<td class='timestamp'>9:27:15 PM</td>
					<td class='step-details'>StepName - waitUntilElementIsClickable, StepDescription - Element clickable - (By - By.xpath: //button[@data-ct-action='Drawer Menu'])</td>
				</tr>
				<tr class='log' status='pass'>
					<td class='status pass' title='pass' alt='pass'><i class='material-icons'>check_circle</i></td>
					<td class='timestamp'>9:27:16 PM</td>
					<td class='step-details'>StepName - Click, StepDescription - Click Performed On Locator - <mark>By.xpath: //button[@data-ct-action='Drawer Menu']</mark></td>
				</tr>
				<tr class='log' status='pass'>
					<td class='status pass' title='pass' alt='pass'><i class='material-icons'>check_circle</i></td>
					<td class='timestamp'>9:27:16 PM</td>
					<td class='step-details'>StepName - waitUntilElementIsClickable, StepDescription - Element clickable - (By - By.id: language)</td>
				</tr>
				<tr class='log' status='pass'>
					<td class='status pass' title='pass' alt='pass'><i class='material-icons'>check_circle</i></td>
					<td class='timestamp'>9:27:17 PM</td>
					<td class='step-details'>StepName - SelectDropDownByText, StepDescription - Selected Visible Text - <mark>English</mark> On Locator - <mark>By.id: language</mark></td>
				</tr>
				<tr class='log' status='pass'>
					<td class='status pass' title='pass' alt='pass'><i class='material-icons'>check_circle</i></td>
					<td class='timestamp'>9:27:19 PM</td>
					<td class='step-details'>StepName - isElementVisible, StepDescription - Element Present - (By - By.xpath: //a[starts-with(text(), 'ABOUT US')])</td>
				</tr>
				<tr class='log' status='pass'>
					<td class='status pass' title='pass' alt='pass'><i class='material-icons'>check_circle</i></td>
					<td class='timestamp'>9:27:19 PM</td>
					<td class='step-details'>StepName - waitUntilElementIsClickable, StepDescription - Element clickable - (By - By.xpath: //a[starts-with(text(), 'ABOUT US')])</td>
				</tr>
				<tr class='log' status='pass'>
					<td class='status pass' title='pass' alt='pass'><i class='material-icons'>check_circle</i></td>
					<td class='timestamp'>9:27:26 PM</td>
					<td class='step-details'>StepName - Click, StepDescription - Click Performed On Locator - <mark>By.xpath: //a[starts-with(text(), 'ABOUT US')]</mark></td>
				</tr>
				<tr class='log' status='info'>
					<td class='status info' title='info' alt='info'><i class='material-icons'>info_outline</i></td>
					<td class='timestamp'>9:27:27 PM</td>
					<td class='step-details'>Appllication Screen After Clicking Menu - ABOUT US<img data-featherlight='ErrorScreenshots\Screenshot_12_29-03-2018_21_27_26_667_1.jpg' width='10%' src='ErrorScreenshots\Screenshot_12_29-03-2018_21_27_26_667_1.jpg' data-src='ErrorScreenshots\Screenshot_12_29-03-2018_21_27_26_667_1.jpg'></td>
				</tr>
				<tr class='log' status='info'>
					<td class='status info' title='info' alt='info'><i class='material-icons'>info_outline</i></td>
					<td class='timestamp'>9:27:29 PM</td>
					<td class='step-details'>Element Not Prensent - (By - By.xpath: //a[starts-with(text(), 'PLEDGE')])</td>
				</tr>
				<tr class='log' status='pass'>
					<td class='status pass' title='pass' alt='pass'><i class='material-icons'>check_circle</i></td>
					<td class='timestamp'>9:27:29 PM</td>
					<td class='step-details'>StepName - waitUntilElementIsClickable, StepDescription - Element clickable - (By - By.xpath: //button[@data-ct-action='Drawer Menu'])</td>
				</tr>
				<tr class='log' status='pass'>
					<td class='status pass' title='pass' alt='pass'><i class='material-icons'>check_circle</i></td>
					<td class='timestamp'>9:27:29 PM</td>
					<td class='step-details'>StepName - Click, StepDescription - Click Performed On Locator - <mark>By.xpath: //button[@data-ct-action='Drawer Menu']</mark></td>
				</tr>
				<tr class='log' status='pass'>
					<td class='status pass' title='pass' alt='pass'><i class='material-icons'>check_circle</i></td>
					<td class='timestamp'>9:27:30 PM</td>
					<td class='step-details'>StepName - waitUntilElementIsClickable, StepDescription - Element clickable - (By - By.xpath: //a[starts-with(text(), 'PLEDGE')])</td>
				</tr>
				<tr class='log' status='pass'>
					<td class='status pass' title='pass' alt='pass'><i class='material-icons'>check_circle</i></td>
					<td class='timestamp'>9:27:37 PM</td>
					<td class='step-details'>StepName - Click, StepDescription - Click Performed On Locator - <mark>By.xpath: //a[starts-with(text(), 'PLEDGE')]</mark></td>
				</tr>
				<tr class='log' status='info'>
					<td class='status info' title='info' alt='info'><i class='material-icons'>info_outline</i></td>
					<td class='timestamp'>9:27:38 PM</td>
					<td class='step-details'>Appllication Screen After Clicking Menu - PLEDGE<img data-featherlight='ErrorScreenshots\Screenshot_12_29-03-2018_21_27_37_875_1.jpg' width='10%' src='ErrorScreenshots\Screenshot_12_29-03-2018_21_27_37_875_1.jpg' data-src='ErrorScreenshots\Screenshot_12_29-03-2018_21_27_37_875_1.jpg'></td>
				</tr>
				<tr class='log' status='info'>
					<td class='status info' title='info' alt='info'><i class='material-icons'>info_outline</i></td>
					<td class='timestamp'>9:27:40 PM</td>
					<td class='step-details'>Element Not Prensent - (By - By.xpath: //a[starts-with(text(), '2in1')])</td>
				</tr>
				<tr class='log' status='pass'>
					<td class='status pass' title='pass' alt='pass'><i class='material-icons'>check_circle</i></td>
					<td class='timestamp'>9:27:40 PM</td>
					<td class='step-details'>StepName - waitUntilElementIsClickable, StepDescription - Element clickable - (By - By.xpath: //button[@data-ct-action='Drawer Menu'])</td>
				</tr>
				<tr class='log' status='pass'>
					<td class='status pass' title='pass' alt='pass'><i class='material-icons'>check_circle</i></td>
					<td class='timestamp'>9:27:41 PM</td>
					<td class='step-details'>StepName - Click, StepDescription - Click Performed On Locator - <mark>By.xpath: //button[@data-ct-action='Drawer Menu']</mark></td>
				</tr>
				<tr class='log' status='pass'>
					<td class='status pass' title='pass' alt='pass'><i class='material-icons'>check_circle</i></td>
					<td class='timestamp'>9:27:41 PM</td>
					<td class='step-details'>StepName - waitUntilElementIsClickable, StepDescription - Element clickable - (By - By.xpath: //a[starts-with(text(), '2in1')])</td>
				</tr>
				<tr class='log' status='pass'>
					<td class='status pass' title='pass' alt='pass'><i class='material-icons'>check_circle</i></td>
					<td class='timestamp'>9:27:49 PM</td>
					<td class='step-details'>StepName - Click, StepDescription - Click Performed On Locator - <mark>By.xpath: //a[starts-with(text(), '2in1')]</mark></td>
				</tr>
				<tr class='log' status='info'>
					<td class='status info' title='info' alt='info'><i class='material-icons'>info_outline</i></td>
					<td class='timestamp'>9:27:50 PM</td>
					<td class='step-details'>Appllication Screen After Clicking Menu - 2in1<img data-featherlight='ErrorScreenshots\Screenshot_12_29-03-2018_21_27_49_617_1.jpg' width='10%' src='ErrorScreenshots\Screenshot_12_29-03-2018_21_27_49_617_1.jpg' data-src='ErrorScreenshots\Screenshot_12_29-03-2018_21_27_49_617_1.jpg'></td>
				</tr>
				<tr class='log' status='info'>
					<td class='status info' title='info' alt='info'><i class='material-icons'>info_outline</i></td>
					<td class='timestamp'>9:27:52 PM</td>
					<td class='step-details'>Element Not Prensent - (By - By.xpath: //a[starts-with(text(), 'DELIGHTS')])</td>
				</tr>
				<tr class='log' status='pass'>
					<td class='status pass' title='pass' alt='pass'><i class='material-icons'>check_circle</i></td>
					<td class='timestamp'>9:27:52 PM</td>
					<td class='step-details'>StepName - waitUntilElementIsClickable, StepDescription - Element clickable - (By - By.xpath: //button[@data-ct-action='Drawer Menu'])</td>
				</tr>
				<tr class='log' status='pass'>
					<td class='status pass' title='pass' alt='pass'><i class='material-icons'>check_circle</i></td>
					<td class='timestamp'>9:27:53 PM</td>
					<td class='step-details'>StepName - Click, StepDescription - Click Performed On Locator - <mark>By.xpath: //button[@data-ct-action='Drawer Menu']</mark></td>
				</tr>
				<tr class='log' status='pass'>
					<td class='status pass' title='pass' alt='pass'><i class='material-icons'>check_circle</i></td>
					<td class='timestamp'>9:27:53 PM</td>
					<td class='step-details'>StepName - waitUntilElementIsClickable, StepDescription - Element clickable - (By - By.xpath: //a[starts-with(text(), 'DELIGHTS')])</td>
				</tr>
				<tr class='log' status='pass'>
					<td class='status pass' title='pass' alt='pass'><i class='material-icons'>check_circle</i></td>
					<td class='timestamp'>9:28:02 PM</td>
					<td class='step-details'>StepName - Click, StepDescription - Click Performed On Locator - <mark>By.xpath: //a[starts-with(text(), 'DELIGHTS')]</mark></td>
				</tr>
				<tr class='log' status='info'>
					<td class='status info' title='info' alt='info'><i class='material-icons'>info_outline</i></td>
					<td class='timestamp'>9:28:03 PM</td>
					<td class='step-details'>Appllication Screen After Clicking Menu - DELIGHTS<img data-featherlight='ErrorScreenshots\Screenshot_12_29-03-2018_21_28_02_328_1.jpg' width='10%' src='ErrorScreenshots\Screenshot_12_29-03-2018_21_28_02_328_1.jpg' data-src='ErrorScreenshots\Screenshot_12_29-03-2018_21_28_02_328_1.jpg'></td>
				</tr>
				<tr class='log' status='info'>
					<td class='status info' title='info' alt='info'><i class='material-icons'>info_outline</i></td>
					<td class='timestamp'>9:28:05 PM</td>
					<td class='step-details'>Element Not Prensent - (By - By.xpath: //a[starts-with(text(), 'GELATO')])</td>
				</tr>
				<tr class='log' status='pass'>
					<td class='status pass' title='pass' alt='pass'><i class='material-icons'>check_circle</i></td>
					<td class='timestamp'>9:28:05 PM</td>
					<td class='step-details'>StepName - waitUntilElementIsClickable, StepDescription - Element clickable - (By - By.xpath: //button[@data-ct-action='Drawer Menu'])</td>
				</tr>
				<tr class='log' status='pass'>
					<td class='status pass' title='pass' alt='pass'><i class='material-icons'>check_circle</i></td>
					<td class='timestamp'>9:28:06 PM</td>
					<td class='step-details'>StepName - Click, StepDescription - Click Performed On Locator - <mark>By.xpath: //button[@data-ct-action='Drawer Menu']</mark></td>
				</tr>
				<tr class='log' status='pass'>
					<td class='status pass' title='pass' alt='pass'><i class='material-icons'>check_circle</i></td>
					<td class='timestamp'>9:28:07 PM</td>
					<td class='step-details'>StepName - waitUntilElementIsClickable, StepDescription - Element clickable - (By - By.xpath: //a[starts-with(text(), 'GELATO')])</td>
				</tr>
				<tr class='log' status='pass'>
					<td class='status pass' title='pass' alt='pass'><i class='material-icons'>check_circle</i></td>
					<td class='timestamp'>9:28:15 PM</td>
					<td class='step-details'>StepName - Click, StepDescription - Click Performed On Locator - <mark>By.xpath: //a[starts-with(text(), 'GELATO')]</mark></td>
				</tr>
				<tr class='log' status='info'>
					<td class='status info' title='info' alt='info'><i class='material-icons'>info_outline</i></td>
					<td class='timestamp'>9:28:16 PM</td>
					<td class='step-details'>Appllication Screen After Clicking Menu - GELATO<img data-featherlight='ErrorScreenshots\Screenshot_12_29-03-2018_21_28_15_888_1.jpg' width='10%' src='ErrorScreenshots\Screenshot_12_29-03-2018_21_28_15_888_1.jpg' data-src='ErrorScreenshots\Screenshot_12_29-03-2018_21_28_15_888_1.jpg'></td>
				</tr>
				<tr class='log' status='info'>
					<td class='status info' title='info' alt='info'><i class='material-icons'>info_outline</i></td>
					<td class='timestamp'>9:28:18 PM</td>
					<td class='step-details'>Element Not Prensent - (By - By.xpath: //a[starts-with(text(), 'VANILLAS')])</td>
				</tr>
				<tr class='log' status='pass'>
					<td class='status pass' title='pass' alt='pass'><i class='material-icons'>check_circle</i></td>
					<td class='timestamp'>9:28:19 PM</td>
					<td class='step-details'>StepName - waitUntilElementIsClickable, StepDescription - Element clickable - (By - By.xpath: //button[@data-ct-action='Drawer Menu'])</td>
				</tr>
				<tr class='log' status='pass'>
					<td class='status pass' title='pass' alt='pass'><i class='material-icons'>check_circle</i></td>
					<td class='timestamp'>9:28:19 PM</td>
					<td class='step-details'>StepName - Click, StepDescription - Click Performed On Locator - <mark>By.xpath: //button[@data-ct-action='Drawer Menu']</mark></td>
				</tr>
				<tr class='log' status='pass'>
					<td class='status pass' title='pass' alt='pass'><i class='material-icons'>check_circle</i></td>
					<td class='timestamp'>9:28:20 PM</td>
					<td class='step-details'>StepName - waitUntilElementIsClickable, StepDescription - Element clickable - (By - By.xpath: //a[starts-with(text(), 'VANILLAS')])</td>
				</tr>
				<tr class='log' status='pass'>
					<td class='status pass' title='pass' alt='pass'><i class='material-icons'>check_circle</i></td>
					<td class='timestamp'>9:28:28 PM</td>
					<td class='step-details'>StepName - Click, StepDescription - Click Performed On Locator - <mark>By.xpath: //a[starts-with(text(), 'VANILLAS')]</mark></td>
				</tr>
				<tr class='log' status='info'>
					<td class='status info' title='info' alt='info'><i class='material-icons'>info_outline</i></td>
					<td class='timestamp'>9:28:29 PM</td>
					<td class='step-details'>Appllication Screen After Clicking Menu - VANILLAS<img data-featherlight='ErrorScreenshots\Screenshot_12_29-03-2018_21_28_28_171_1.jpg' width='10%' src='ErrorScreenshots\Screenshot_12_29-03-2018_21_28_28_171_1.jpg' data-src='ErrorScreenshots\Screenshot_12_29-03-2018_21_28_28_171_1.jpg'></td>
				</tr>
				<tr class='log' status='info'>
					<td class='status info' title='info' alt='info'><i class='material-icons'>info_outline</i></td>
					<td class='timestamp'>9:28:31 PM</td>
					<td class='step-details'>Element Not Prensent - (By - By.xpath: //a[starts-with(text(), 'PRODUCTS')])</td>
				</tr>
				<tr class='log' status='pass'>
					<td class='status pass' title='pass' alt='pass'><i class='material-icons'>check_circle</i></td>
					<td class='timestamp'>9:28:31 PM</td>
					<td class='step-details'>StepName - waitUntilElementIsClickable, StepDescription - Element clickable - (By - By.xpath: //button[@data-ct-action='Drawer Menu'])</td>
				</tr>
				<tr class='log' status='pass'>
					<td class='status pass' title='pass' alt='pass'><i class='material-icons'>check_circle</i></td>
					<td class='timestamp'>9:28:31 PM</td>
					<td class='step-details'>StepName - Click, StepDescription - Click Performed On Locator - <mark>By.xpath: //button[@data-ct-action='Drawer Menu']</mark></td>
				</tr>
				<tr class='log' status='pass'>
					<td class='status pass' title='pass' alt='pass'><i class='material-icons'>check_circle</i></td>
					<td class='timestamp'>9:28:32 PM</td>
					<td class='step-details'>StepName - waitUntilElementIsClickable, StepDescription - Element clickable - (By - By.xpath: //a[starts-with(text(), 'PRODUCTS')])</td>
				</tr>
				<tr class='log' status='pass'>
					<td class='status pass' title='pass' alt='pass'><i class='material-icons'>check_circle</i></td>
					<td class='timestamp'>9:28:55 PM</td>
					<td class='step-details'>StepName - Click, StepDescription - Click Performed On Locator - <mark>By.xpath: //a[starts-with(text(), 'PRODUCTS')]</mark></td>
				</tr>
				<tr class='log' status='info'>
					<td class='status info' title='info' alt='info'><i class='material-icons'>info_outline</i></td>
					<td class='timestamp'>9:28:56 PM</td>
					<td class='step-details'>Appllication Screen After Clicking Menu - PRODUCTS<img data-featherlight='ErrorScreenshots\Screenshot_12_29-03-2018_21_28_55_586_1.jpg' width='10%' src='ErrorScreenshots\Screenshot_12_29-03-2018_21_28_55_586_1.jpg' data-src='ErrorScreenshots\Screenshot_12_29-03-2018_21_28_55_586_1.jpg'></td>
				</tr>
				<tr class='log' status='info'>
					<td class='status info' title='info' alt='info'><i class='material-icons'>info_outline</i></td>
					<td class='timestamp'>9:28:58 PM</td>
					<td class='step-details'>Element Not Prensent - (By - By.xpath: //a[starts-with(text(), 'RECIPES')])</td>
				</tr>
				<tr class='log' status='pass'>
					<td class='status pass' title='pass' alt='pass'><i class='material-icons'>check_circle</i></td>
					<td class='timestamp'>9:28:58 PM</td>
					<td class='step-details'>StepName - waitUntilElementIsClickable, StepDescription - Element clickable - (By - By.xpath: //button[@data-ct-action='Drawer Menu'])</td>
				</tr>
				<tr class='log' status='pass'>
					<td class='status pass' title='pass' alt='pass'><i class='material-icons'>check_circle</i></td>
					<td class='timestamp'>9:28:58 PM</td>
					<td class='step-details'>StepName - Click, StepDescription - Click Performed On Locator - <mark>By.xpath: //button[@data-ct-action='Drawer Menu']</mark></td>
				</tr>
				<tr class='log' status='pass'>
					<td class='status pass' title='pass' alt='pass'><i class='material-icons'>check_circle</i></td>
					<td class='timestamp'>9:28:59 PM</td>
					<td class='step-details'>StepName - waitUntilElementIsClickable, StepDescription - Element clickable - (By - By.xpath: //a[starts-with(text(), 'RECIPES')])</td>
				</tr>
				<tr class='log' status='pass'>
					<td class='status pass' title='pass' alt='pass'><i class='material-icons'>check_circle</i></td>
					<td class='timestamp'>9:29:05 PM</td>
					<td class='step-details'>StepName - Click, StepDescription - Click Performed On Locator - <mark>By.xpath: //a[starts-with(text(), 'RECIPES')]</mark></td>
				</tr>
				<tr class='log' status='info'>
					<td class='status info' title='info' alt='info'><i class='material-icons'>info_outline</i></td>
					<td class='timestamp'>9:29:06 PM</td>
					<td class='step-details'>Appllication Screen After Clicking Menu - RECIPES<img data-featherlight='ErrorScreenshots\Screenshot_12_29-03-2018_21_29_05_844_1.jpg' width='10%' src='ErrorScreenshots\Screenshot_12_29-03-2018_21_29_05_844_1.jpg' data-src='ErrorScreenshots\Screenshot_12_29-03-2018_21_29_05_844_1.jpg'></td>
				</tr>
				<tr class='log' status='info'>
					<td class='status info' title='info' alt='info'><i class='material-icons'>info_outline</i></td>
					<td class='timestamp'>9:29:06 PM</td>
					<td class='step-details'>Thread - 12 , Completes Executing Test Method - testMenus On Browser - Chrome</td>
				</tr>
			</tbody>
		</table>
	</div>
					</div>
				</li>
				
				
				<li class='test displayed active  fail' status='fail' bdd='false' test-id='2'>
					<div class='test-heading'>
						<span class='test-name'>TestBreyers_en_Mobile_Android Emulator_Tablet-testMenus</span>
						<span class='test-time'>Mar 29, 2018 09:23:21 PM</span>
						<span class='test-status right fail'>fail</span>
					</div>
					<div class='test-content hide'>
<div class='test-time-info'>
	<span class='label start-time'>Mar 29, 2018 09:23:21 PM</span>
	<span class='label end-time'>Mar 29, 2018 09:28:10 PM</span>
	<span class='label time-taken grey lighten-1 white-text'>0h 4m 48s+335ms</span>
</div>
	<div class='test-steps'>
		<table class='bordered table-results'>
			<thead>
				<tr>
					<th>Status</th>
					<th>Timestamp</th>
					<th>Details</th>
				</tr>
			</thead>
			<tbody>
				<tr class='log' status='info'>
					<td class='status info' title='info' alt='info'><i class='material-icons'>info_outline</i></td>
					<td class='timestamp'>9:25:43 PM</td>
					<td class='step-details'>Thread - 13 , Executes Next Test Method - testMenus On Browser - Chrome</td>
				</tr>
				<tr class='log' status='pass'>
					<td class='status pass' title='pass' alt='pass'><i class='material-icons'>check_circle</i></td>
					<td class='timestamp'>9:25:43 PM</td>
					<td class='step-details'>StepName - waitUntilElementIsClickable, StepDescription - Element clickable - (By - By.xpath: //button[@data-ct-action='Drawer Menu'])</td>
				</tr>
				<tr class='log' status='pass'>
					<td class='status pass' title='pass' alt='pass'><i class='material-icons'>check_circle</i></td>
					<td class='timestamp'>9:25:44 PM</td>
					<td class='step-details'>StepName - Click, StepDescription - Click Performed On Locator - <mark>By.xpath: //button[@data-ct-action='Drawer Menu']</mark></td>
				</tr>
				<tr class='log' status='pass'>
					<td class='status pass' title='pass' alt='pass'><i class='material-icons'>check_circle</i></td>
					<td class='timestamp'>9:25:45 PM</td>
					<td class='step-details'>StepName - waitUntilElementIsClickable, StepDescription - Element clickable - (By - By.id: language)</td>
				</tr>
				<tr class='log' status='pass'>
					<td class='status pass' title='pass' alt='pass'><i class='material-icons'>check_circle</i></td>
					<td class='timestamp'>9:26:01 PM</td>
					<td class='step-details'>StepName - SelectDropDownByText, StepDescription - Selected Visible Text - <mark>Español</mark> On Locator - <mark>By.id: language</mark></td>
				</tr>
				<tr class='log' status='info'>
					<td class='status info' title='info' alt='info'><i class='material-icons'>info_outline</i></td>
					<td class='timestamp'>9:26:03 PM</td>
					<td class='step-details'>Element Not Prensent - (By - By.xpath: //a[starts-with(text(), 'SOBRE NOSOTROS')])</td>
				</tr>
				<tr class='log' status='pass'>
					<td class='status pass' title='pass' alt='pass'><i class='material-icons'>check_circle</i></td>
					<td class='timestamp'>9:26:03 PM</td>
					<td class='step-details'>StepName - waitUntilElementIsClickable, StepDescription - Element clickable - (By - By.xpath: //button[@data-ct-action='Drawer Menu'])</td>
				</tr>
				<tr class='log' status='pass'>
					<td class='status pass' title='pass' alt='pass'><i class='material-icons'>check_circle</i></td>
					<td class='timestamp'>9:26:04 PM</td>
					<td class='step-details'>StepName - Click, StepDescription - Click Performed On Locator - <mark>By.xpath: //button[@data-ct-action='Drawer Menu']</mark></td>
				</tr>
				<tr class='log' status='pass'>
					<td class='status pass' title='pass' alt='pass'><i class='material-icons'>check_circle</i></td>
					<td class='timestamp'>9:26:05 PM</td>
					<td class='step-details'>StepName - waitUntilElementIsClickable, StepDescription - Element clickable - (By - By.xpath: //a[starts-with(text(), 'SOBRE NOSOTROS')])</td>
				</tr>
				<tr class='log' status='pass'>
					<td class='status pass' title='pass' alt='pass'><i class='material-icons'>check_circle</i></td>
					<td class='timestamp'>9:26:15 PM</td>
					<td class='step-details'>StepName - Click, StepDescription - Click Performed On Locator - <mark>By.xpath: //a[starts-with(text(), 'SOBRE NOSOTROS')]</mark></td>
				</tr>
				<tr class='log' status='info'>
					<td class='status info' title='info' alt='info'><i class='material-icons'>info_outline</i></td>
					<td class='timestamp'>9:26:17 PM</td>
					<td class='step-details'>Appllication Screen After Clicking Menu - SOBRE NOSOTROS<img data-featherlight='ErrorScreenshots\Screenshot_13_29-03-2018_21_26_15_396_1.jpg' width='10%' src='ErrorScreenshots\Screenshot_13_29-03-2018_21_26_15_396_1.jpg' data-src='ErrorScreenshots\Screenshot_13_29-03-2018_21_26_15_396_1.jpg'></td>
				</tr>
				<tr class='log' status='info'>
					<td class='status info' title='info' alt='info'><i class='material-icons'>info_outline</i></td>
					<td class='timestamp'>9:26:19 PM</td>
					<td class='step-details'>Element Not Prensent - (By - By.xpath: //a[starts-with(text(), 'NUESTRO COMPROMISO')])</td>
				</tr>
				<tr class='log' status='pass'>
					<td class='status pass' title='pass' alt='pass'><i class='material-icons'>check_circle</i></td>
					<td class='timestamp'>9:26:20 PM</td>
					<td class='step-details'>StepName - waitUntilElementIsClickable, StepDescription - Element clickable - (By - By.xpath: //button[@data-ct-action='Drawer Menu'])</td>
				</tr>
				<tr class='log' status='pass'>
					<td class='status pass' title='pass' alt='pass'><i class='material-icons'>check_circle</i></td>
					<td class='timestamp'>9:26:20 PM</td>
					<td class='step-details'>StepName - Click, StepDescription - Click Performed On Locator - <mark>By.xpath: //button[@data-ct-action='Drawer Menu']</mark></td>
				</tr>
				<tr class='log' status='warning'>
					<td class='status warning' title='warning' alt='warning'><i class='material-icons'>warning</i></td>
					<td class='timestamp'>9:26:41 PM</td>
					<td class='step-details'>StepName - waitUntilElementIsClickable, StepDescription - Exception Encountered - Expected condition failed: waiting for element to be clickable: By.xpath: //a[starts-with(text(), 'NUESTRO COMPROMISO')] (tried for 20 second(s) with 500 MILLISECONDS interval), StackTrace - [Ljava.lang.StackTraceElement;@365850af</td>
				</tr>
				<tr class='log' status='fail'>
					<td class='status fail' title='fail' alt='fail'><i class='material-icons'>cancel</i></td>
					<td class='timestamp'>9:26:42 PM</td>
					<td class='step-details'>StepName - Click, StepDescription - Failed To Perform Click On Locator - <mark>By.xpath: //a[starts-with(text(), 'NUESTRO COMPROMISO')]</mark><img data-featherlight='ErrorScreenshots\Screenshot_13_29-03-2018_21_26_41_592_1.jpg' width='10%' src='ErrorScreenshots\Screenshot_13_29-03-2018_21_26_41_592_1.jpg' data-src='ErrorScreenshots\Screenshot_13_29-03-2018_21_26_41_592_1.jpg'></td>
				</tr>
				<tr class='log' status='error'>
					<td class='status error' title='error' alt='error'><i class='material-icons'>error</i></td>
					<td class='timestamp'>9:26:42 PM</td>
					<td class='step-details'><pre>org.openqa.selenium.NoSuchElementException: no such element: Unable to locate element: {"method":"xpath","selector":"//a[starts-with(text(), 'NUESTRO COMPROMISO')]"}
  (Session info: chrome=61.0.3163.98)
  (Driver info: chromedriver=2.33.506120 (e3e53437346286c0bc2d2dc9aa4915ba81d9023f),platform=Windows NT 6.1.7601 SP1 x86_64) (WARNING: The server did not provide any stacktrace information)
Command duration or timeout: 0 milliseconds
For documentation on this error, please visit: http://seleniumhq.org/exceptions/no_such_element.html
Build info: version: '3.6.0', revision: '6fbf3ec767', time: '2017-09-27T15:28:36.4Z'
System info: host: 'HW1203', ip: '10.99.99.67', os.name: 'Windows 7', os.arch: 'amd64', os.version: '6.1', java.version: '1.8.0_144'
Driver info: io.appium.java_client.AppiumDriver
Capabilities [{localeLanguage=es, platformVersion=8.1, automationName=UiAutomator2, browserName=Chrome, appURL=https://secure.breyers.com, javascriptEnabled=true, automationKit=appium, platformName=ANDROID, deviceName=Android emulator, avd=10.1_WXGA_Tablet_API_27, avdReadyTimeout=300000, platform=ANDROID}]
Session ID: c0e834bc-0e6f-4c7e-b79b-c9a960224322
*** Element info: {Using=xpath, value=//a[starts-with(text(), 'NUESTRO COMPROMISO')]}
	at sun.reflect.NativeConstructorAccessorImpl.newInstance0(Native Method)
	at sun.reflect.NativeConstructorAccessorImpl.newInstance(NativeConstructorAccessorImpl.java:62)
	at sun.reflect.DelegatingConstructorAccessorImpl.newInstance(DelegatingConstructorAccessorImpl.java:45)
	at java.lang.reflect.Constructor.newInstance(Constructor.java:423)
	at org.openqa.selenium.remote.ErrorHandler.createThrowable(ErrorHandler.java:214)
	at org.openqa.selenium.remote.ErrorHandler.throwIfResponseFailed(ErrorHandler.java:166)
	at org.openqa.selenium.remote.http.JsonHttpResponseCodec.reconstructValue(JsonHttpResponseCodec.java:40)
	at org.openqa.selenium.remote.http.AbstractHttpResponseCodec.decode(AbstractHttpResponseCodec.java:80)
	at org.openqa.selenium.remote.http.AbstractHttpResponseCodec.decode(AbstractHttpResponseCodec.java:44)
	at org.openqa.selenium.remote.HttpCommandExecutor.execute(HttpCommandExecutor.java:160)
	at io.appium.java_client.remote.AppiumCommandExecutor.execute(AppiumCommandExecutor.java:89)
	at org.openqa.selenium.remote.RemoteWebDriver.execute(RemoteWebDriver.java:601)
	at io.appium.java_client.DefaultGenericMobileDriver.execute(DefaultGenericMobileDriver.java:42)
	at io.appium.java_client.AppiumDriver.execute(AppiumDriver.java:1)
	at org.openqa.selenium.remote.RemoteWebDriver.findElement(RemoteWebDriver.java:371)
	at io.appium.java_client.DefaultGenericMobileDriver.findElement(DefaultGenericMobileDriver.java:62)
	at io.appium.java_client.AppiumDriver.findElement(AppiumDriver.java:1)
	at org.openqa.selenium.remote.RemoteWebDriver.findElementByXPath(RemoteWebDriver.java:473)
	at io.appium.java_client.DefaultGenericMobileDriver.findElementByXPath(DefaultGenericMobileDriver.java:140)
	at io.appium.java_client.AppiumDriver.findElementByXPath(AppiumDriver.java:1)
	at org.openqa.selenium.By$ByXPath.findElement(By.java:361)
	at org.openqa.selenium.remote.RemoteWebDriver.findElement(RemoteWebDriver.java:363)
	at io.appium.java_client.DefaultGenericMobileDriver.findElement(DefaultGenericMobileDriver.java:58)
	at io.appium.java_client.AppiumDriver.findElement(AppiumDriver.java:1)
	at dweb.aut.pages.templates.PageTemplate.click(PageTemplate.java:115)
	at dweb.aut.pages.i18n.breyers.HomePage.clickMenu(HomePage.java:43)
	at mweb.aut.pages.i18n.breyers.HomePage.clickMenus(HomePage.java:32)
	at mweb.test.i18n.breyers.functionaltests.TestBreyers.testMenus(TestBreyers.java:25)
	at sun.reflect.NativeMethodAccessorImpl.invoke0(Native Method)
	at sun.reflect.NativeMethodAccessorImpl.invoke(NativeMethodAccessorImpl.java:62)
	at sun.reflect.DelegatingMethodAccessorImpl.invoke(DelegatingMethodAccessorImpl.java:43)
	at java.lang.reflect.Method.invoke(Method.java:498)
	at org.testng.internal.MethodInvocationHelper.invokeMethod(MethodInvocationHelper.java:108)
	at org.testng.internal.Invoker.invokeMethod(Invoker.java:661)
	at org.testng.internal.Invoker.invokeTestMethod(Invoker.java:869)
	at org.testng.internal.Invoker.invokeTestMethods(Invoker.java:1193)
	at org.testng.internal.TestMethodWorker.invokeTestMethods(TestMethodWorker.java:126)
	at org.testng.internal.TestMethodWorker.run(TestMethodWorker.java:109)
	at org.testng.TestRunner.privateRun(TestRunner.java:744)
	at org.testng.TestRunner.run(TestRunner.java:602)
	at org.testng.SuiteRunner.runTest(SuiteRunner.java:380)
	at org.testng.SuiteRunner.access$000(SuiteRunner.java:39)
	at org.testng.SuiteRunner$SuiteWorker.run(SuiteRunner.java:414)
	at org.testng.internal.thread.ThreadUtil$1.call(ThreadUtil.java:52)
	at java.util.concurrent.FutureTask.run(FutureTask.java:266)
	at java.util.concurrent.ThreadPoolExecutor.runWorker(ThreadPoolExecutor.java:1149)
	at java.util.concurrent.ThreadPoolExecutor$Worker.run(ThreadPoolExecutor.java:624)
	at java.lang.Thread.run(Thread.java:748)
</pre></td>
				</tr>
				<tr class='log' status='info'>
					<td class='status info' title='info' alt='info'><i class='material-icons'>info_outline</i></td>
					<td class='timestamp'>9:26:42 PM</td>
					<td class='step-details'>Appllication Screen After Clicking Menu - NUESTRO COMPROMISO<img data-featherlight='ErrorScreenshots\Screenshot_13_29-03-2018_21_26_42_225_1.jpg' width='10%' src='ErrorScreenshots\Screenshot_13_29-03-2018_21_26_42_225_1.jpg' data-src='ErrorScreenshots\Screenshot_13_29-03-2018_21_26_42_225_1.jpg'></td>
				</tr>
				<tr class='log' status='info'>
					<td class='status info' title='info' alt='info'><i class='material-icons'>info_outline</i></td>
					<td class='timestamp'>9:26:44 PM</td>
					<td class='step-details'>Element Not Prensent - (By - By.xpath: //a[starts-with(text(), 'null')])</td>
				</tr>
				<tr class='log' status='pass'>
					<td class='status pass' title='pass' alt='pass'><i class='material-icons'>check_circle</i></td>
					<td class='timestamp'>9:26:44 PM</td>
					<td class='step-details'>StepName - waitUntilElementIsClickable, StepDescription - Element clickable - (By - By.xpath: //button[@data-ct-action='Drawer Menu'])</td>
				</tr>
				<tr class='log' status='fail'>
					<td class='status fail' title='fail' alt='fail'><i class='material-icons'>cancel</i></td>
					<td class='timestamp'>9:26:45 PM</td>
					<td class='step-details'>StepName - Click, StepDescription - Failed To Perform Click On Locator - <mark>By.xpath: //button[@data-ct-action='Drawer Menu']</mark><img data-featherlight='ErrorScreenshots\Screenshot_13_29-03-2018_21_26_45_288_1.jpg' width='10%' src='ErrorScreenshots\Screenshot_13_29-03-2018_21_26_45_288_1.jpg' data-src='ErrorScreenshots\Screenshot_13_29-03-2018_21_26_45_288_1.jpg'></td>
				</tr>
				<tr class='log' status='error'>
					<td class='status error' title='error' alt='error'><i class='material-icons'>error</i></td>
					<td class='timestamp'>9:26:45 PM</td>
					<td class='step-details'><textarea>org.openqa.selenium.WebDriverException: unknown error: Element <button type="button" class="navbar-toggle bws-drawermenu-toggle-h bws-mobile-menu visible-xs visible-sm is-expanded" aria-haspopup="true" data-ct-category="Custom" data-ct-action="Drawer Menu" data-ct-information="Drawer Menu" data-ct-attr="ctDrawerMenu">...</button> is not clickable at point (770, 30). Other element would receive the click: <a href="/es-US/home/about" title="SOBRE NOSOTROS" class="" data-ct-category="Custom" data-ct-action="Top Navigation" data-ct-information="SOBRE NOSOTROS" data-ct-attr="TopNav-SOBRE NOSOTROS">...</a>
  (Session info: chrome=61.0.3163.98)
  (Driver info: chromedriver=2.33.506120 (e3e53437346286c0bc2d2dc9aa4915ba81d9023f),platform=Windows NT 6.1.7601 SP1 x86_64) (WARNING: The server did not provide any stacktrace information)
Command duration or timeout: 0 milliseconds
Build info: version: '3.6.0', revision: '6fbf3ec767', time: '2017-09-27T15:28:36.4Z'
System info: host: 'HW1203', ip: '10.99.99.67', os.name: 'Windows 7', os.arch: 'amd64', os.version: '6.1', java.version: '1.8.0_144'
Driver info: io.appium.java_client.AppiumDriver
Capabilities [{localeLanguage=es, platformVersion=8.1, automationName=UiAutomator2, browserName=Chrome, appURL=https://secure.breyers.com, javascriptEnabled=true, automationKit=appium, platformName=ANDROID, deviceName=Android emulator, avd=10.1_WXGA_Tablet_API_27, avdReadyTimeout=300000, platform=ANDROID}]
Session ID: c0e834bc-0e6f-4c7e-b79b-c9a960224322
	at sun.reflect.NativeConstructorAccessorImpl.newInstance0(Native Method)
	at sun.reflect.NativeConstructorAccessorImpl.newInstance(NativeConstructorAccessorImpl.java:62)
	at sun.reflect.DelegatingConstructorAccessorImpl.newInstance(DelegatingConstructorAccessorImpl.java:45)
	at java.lang.reflect.Constructor.newInstance(Constructor.java:423)
	at org.openqa.selenium.remote.ErrorHandler.createThrowable(ErrorHandler.java:214)
	at org.openqa.selenium.remote.ErrorHandler.throwIfResponseFailed(ErrorHandler.java:166)
	at org.openqa.selenium.remote.http.JsonHttpResponseCodec.reconstructValue(JsonHttpResponseCodec.java:40)
	at org.openqa.selenium.remote.http.AbstractHttpResponseCodec.decode(AbstractHttpResponseCodec.java:80)
	at org.openqa.selenium.remote.http.AbstractHttpResponseCodec.decode(AbstractHttpResponseCodec.java:44)
	at org.openqa.selenium.remote.HttpCommandExecutor.execute(HttpCommandExecutor.java:160)
	at io.appium.java_client.remote.AppiumCommandExecutor.execute(AppiumCommandExecutor.java:89)
	at org.openqa.selenium.remote.RemoteWebDriver.execute(RemoteWebDriver.java:601)
	at io.appium.java_client.DefaultGenericMobileDriver.execute(DefaultGenericMobileDriver.java:42)
	at io.appium.java_client.AppiumDriver.execute(AppiumDriver.java:1)
	at org.openqa.selenium.remote.RemoteWebElement.execute(RemoteWebElement.java:279)
	at io.appium.java_client.DefaultGenericMobileElement.execute(DefaultGenericMobileElement.java:45)
	at io.appium.java_client.MobileElement.execute(MobileElement.java:1)
	at io.appium.java_client.android.AndroidElement.execute(AndroidElement.java:1)
	at org.openqa.selenium.remote.RemoteWebElement.click(RemoteWebElement.java:83)
	at dweb.aut.pages.templates.PageTemplate.click(PageTemplate.java:115)
	at mweb.aut.pages.i18n.breyers.HomePage.clickMenus(HomePage.java:29)
	at mweb.test.i18n.breyers.functionaltests.TestBreyers.testMenus(TestBreyers.java:25)
	at sun.reflect.NativeMethodAccessorImpl.invoke0(Native Method)
	at sun.reflect.NativeMethodAccessorImpl.invoke(NativeMethodAccessorImpl.java:62)
	at sun.reflect.DelegatingMethodAccessorImpl.invoke(DelegatingMethodAccessorImpl.java:43)
	at java.lang.reflect.Method.invoke(Method.java:498)
	at org.testng.internal.MethodInvocationHelper.invokeMethod(MethodInvocationHelper.java:108)
	at org.testng.internal.Invoker.invokeMethod(Invoker.java:661)
	at org.testng.internal.Invoker.invokeTestMethod(Invoker.java:869)
	at org.testng.internal.Invoker.invokeTestMethods(Invoker.java:1193)
	at org.testng.internal.TestMethodWorker.invokeTestMethods(TestMethodWorker.java:126)
	at org.testng.internal.TestMethodWorker.run(TestMethodWorker.java:109)
	at org.testng.TestRunner.privateRun(TestRunner.java:744)
	at org.testng.TestRunner.run(TestRunner.java:602)
	at org.testng.SuiteRunner.runTest(SuiteRunner.java:380)
	at org.testng.SuiteRunner.access$000(SuiteRunner.java:39)
	at org.testng.SuiteRunner$SuiteWorker.run(SuiteRunner.java:414)
	at org.testng.internal.thread.ThreadUtil$1.call(ThreadUtil.java:52)
	at java.util.concurrent.FutureTask.run(FutureTask.java:266)
	at java.util.concurrent.ThreadPoolExecutor.runWorker(ThreadPoolExecutor.java:1149)
	at java.util.concurrent.ThreadPoolExecutor$Worker.run(ThreadPoolExecutor.java:624)
	at java.lang.Thread.run(Thread.java:748)
</textarea></td>
				</tr>
				<tr class='log' status='info'>
					<td class='status info' title='info' alt='info'><i class='material-icons'>info_outline</i></td>
					<td class='timestamp'>9:26:45 PM</td>
					<td class='step-details'>FOR LANGUAGE - es, MENU WAS NOT PRESENT For KEY - menu_2in1</td>
				</tr>
				<tr class='log' status='pass'>
					<td class='status pass' title='pass' alt='pass'><i class='material-icons'>check_circle</i></td>
					<td class='timestamp'>9:26:47 PM</td>
					<td class='step-details'>StepName - isElementVisible, StepDescription - Element Present - (By - By.xpath: //a[starts-with(text(), 'DELIGHTS')])</td>
				</tr>
				<tr class='log' status='pass'>
					<td class='status pass' title='pass' alt='pass'><i class='material-icons'>check_circle</i></td>
					<td class='timestamp'>9:26:48 PM</td>
					<td class='step-details'>StepName - waitUntilElementIsClickable, StepDescription - Element clickable - (By - By.xpath: //a[starts-with(text(), 'DELIGHTS')])</td>
				</tr>
				<tr class='log' status='pass'>
					<td class='status pass' title='pass' alt='pass'><i class='material-icons'>check_circle</i></td>
					<td class='timestamp'>9:27:01 PM</td>
					<td class='step-details'>StepName - Click, StepDescription - Click Performed On Locator - <mark>By.xpath: //a[starts-with(text(), 'DELIGHTS')]</mark></td>
				</tr>
				<tr class='log' status='info'>
					<td class='status info' title='info' alt='info'><i class='material-icons'>info_outline</i></td>
					<td class='timestamp'>9:27:02 PM</td>
					<td class='step-details'>Appllication Screen After Clicking Menu - DELIGHTS<img data-featherlight='ErrorScreenshots\Screenshot_13_29-03-2018_21_27_01_750_1.jpg' width='10%' src='ErrorScreenshots\Screenshot_13_29-03-2018_21_27_01_750_1.jpg' data-src='ErrorScreenshots\Screenshot_13_29-03-2018_21_27_01_750_1.jpg'></td>
				</tr>
				<tr class='log' status='info'>
					<td class='status info' title='info' alt='info'><i class='material-icons'>info_outline</i></td>
					<td class='timestamp'>9:27:04 PM</td>
					<td class='step-details'>Element Not Prensent - (By - By.xpath: //a[starts-with(text(), 'GELATO')])</td>
				</tr>
				<tr class='log' status='pass'>
					<td class='status pass' title='pass' alt='pass'><i class='material-icons'>check_circle</i></td>
					<td class='timestamp'>9:27:04 PM</td>
					<td class='step-details'>StepName - waitUntilElementIsClickable, StepDescription - Element clickable - (By - By.xpath: //button[@data-ct-action='Drawer Menu'])</td>
				</tr>
				<tr class='log' status='pass'>
					<td class='status pass' title='pass' alt='pass'><i class='material-icons'>check_circle</i></td>
					<td class='timestamp'>9:27:05 PM</td>
					<td class='step-details'>StepName - Click, StepDescription - Click Performed On Locator - <mark>By.xpath: //button[@data-ct-action='Drawer Menu']</mark></td>
				</tr>
				<tr class='log' status='pass'>
					<td class='status pass' title='pass' alt='pass'><i class='material-icons'>check_circle</i></td>
					<td class='timestamp'>9:27:06 PM</td>
					<td class='step-details'>StepName - waitUntilElementIsClickable, StepDescription - Element clickable - (By - By.xpath: //a[starts-with(text(), 'GELATO')])</td>
				</tr>
				<tr class='log' status='pass'>
					<td class='status pass' title='pass' alt='pass'><i class='material-icons'>check_circle</i></td>
					<td class='timestamp'>9:27:17 PM</td>
					<td class='step-details'>StepName - Click, StepDescription - Click Performed On Locator - <mark>By.xpath: //a[starts-with(text(), 'GELATO')]</mark></td>
				</tr>
				<tr class='log' status='info'>
					<td class='status info' title='info' alt='info'><i class='material-icons'>info_outline</i></td>
					<td class='timestamp'>9:27:18 PM</td>
					<td class='step-details'>Appllication Screen After Clicking Menu - GELATO<img data-featherlight='ErrorScreenshots\Screenshot_13_29-03-2018_21_27_17_877_1.jpg' width='10%' src='ErrorScreenshots\Screenshot_13_29-03-2018_21_27_17_877_1.jpg' data-src='ErrorScreenshots\Screenshot_13_29-03-2018_21_27_17_877_1.jpg'></td>
				</tr>
				<tr class='log' status='info'>
					<td class='status info' title='info' alt='info'><i class='material-icons'>info_outline</i></td>
					<td class='timestamp'>9:27:20 PM</td>
					<td class='step-details'>Element Not Prensent - (By - By.xpath: //a[starts-with(text(), 'NUESTRAS VAINILLAS')])</td>
				</tr>
				<tr class='log' status='pass'>
					<td class='status pass' title='pass' alt='pass'><i class='material-icons'>check_circle</i></td>
					<td class='timestamp'>9:27:20 PM</td>
					<td class='step-details'>StepName - waitUntilElementIsClickable, StepDescription - Element clickable - (By - By.xpath: //button[@data-ct-action='Drawer Menu'])</td>
				</tr>
				<tr class='log' status='pass'>
					<td class='status pass' title='pass' alt='pass'><i class='material-icons'>check_circle</i></td>
					<td class='timestamp'>9:27:21 PM</td>
					<td class='step-details'>StepName - Click, StepDescription - Click Performed On Locator - <mark>By.xpath: //button[@data-ct-action='Drawer Menu']</mark></td>
				</tr>
				<tr class='log' status='warning'>
					<td class='status warning' title='warning' alt='warning'><i class='material-icons'>warning</i></td>
					<td class='timestamp'>9:27:42 PM</td>
					<td class='step-details'>StepName - waitUntilElementIsClickable, StepDescription - Exception Encountered - Expected condition failed: waiting for element to be clickable: By.xpath: //a[starts-with(text(), 'NUESTRAS VAINILLAS')] (tried for 20 second(s) with 500 MILLISECONDS interval), StackTrace - [Ljava.lang.StackTraceElement;@64619fa1</td>
				</tr>
				<tr class='log' status='fail'>
					<td class='status fail' title='fail' alt='fail'><i class='material-icons'>cancel</i></td>
					<td class='timestamp'>9:27:42 PM</td>
					<td class='step-details'>StepName - Click, StepDescription - Failed To Perform Click On Locator - <mark>By.xpath: //a[starts-with(text(), 'NUESTRAS VAINILLAS')]</mark><img data-featherlight='ErrorScreenshots\Screenshot_13_29-03-2018_21_27_42_162_1.jpg' width='10%' src='ErrorScreenshots\Screenshot_13_29-03-2018_21_27_42_162_1.jpg' data-src='ErrorScreenshots\Screenshot_13_29-03-2018_21_27_42_162_1.jpg'></td>
				</tr>
				<tr class='log' status='error'>
					<td class='status error' title='error' alt='error'><i class='material-icons'>error</i></td>
					<td class='timestamp'>9:27:42 PM</td>
					<td class='step-details'><pre>org.openqa.selenium.NoSuchElementException: no such element: Unable to locate element: {"method":"xpath","selector":"//a[starts-with(text(), 'NUESTRAS VAINILLAS')]"}
  (Session info: chrome=61.0.3163.98)
  (Driver info: chromedriver=2.33.506120 (e3e53437346286c0bc2d2dc9aa4915ba81d9023f),platform=Windows NT 6.1.7601 SP1 x86_64) (WARNING: The server did not provide any stacktrace information)
Command duration or timeout: 0 milliseconds
For documentation on this error, please visit: http://seleniumhq.org/exceptions/no_such_element.html
Build info: version: '3.6.0', revision: '6fbf3ec767', time: '2017-09-27T15:28:36.4Z'
System info: host: 'HW1203', ip: '10.99.99.67', os.name: 'Windows 7', os.arch: 'amd64', os.version: '6.1', java.version: '1.8.0_144'
Driver info: io.appium.java_client.AppiumDriver
Capabilities [{localeLanguage=es, platformVersion=8.1, automationName=UiAutomator2, browserName=Chrome, appURL=https://secure.breyers.com, javascriptEnabled=true, automationKit=appium, platformName=ANDROID, deviceName=Android emulator, avd=10.1_WXGA_Tablet_API_27, avdReadyTimeout=300000, platform=ANDROID}]
Session ID: c0e834bc-0e6f-4c7e-b79b-c9a960224322
*** Element info: {Using=xpath, value=//a[starts-with(text(), 'NUESTRAS VAINILLAS')]}
	at sun.reflect.NativeConstructorAccessorImpl.newInstance0(Native Method)
	at sun.reflect.NativeConstructorAccessorImpl.newInstance(NativeConstructorAccessorImpl.java:62)
	at sun.reflect.DelegatingConstructorAccessorImpl.newInstance(DelegatingConstructorAccessorImpl.java:45)
	at java.lang.reflect.Constructor.newInstance(Constructor.java:423)
	at org.openqa.selenium.remote.ErrorHandler.createThrowable(ErrorHandler.java:214)
	at org.openqa.selenium.remote.ErrorHandler.throwIfResponseFailed(ErrorHandler.java:166)
	at org.openqa.selenium.remote.http.JsonHttpResponseCodec.reconstructValue(JsonHttpResponseCodec.java:40)
	at org.openqa.selenium.remote.http.AbstractHttpResponseCodec.decode(AbstractHttpResponseCodec.java:80)
	at org.openqa.selenium.remote.http.AbstractHttpResponseCodec.decode(AbstractHttpResponseCodec.java:44)
	at org.openqa.selenium.remote.HttpCommandExecutor.execute(HttpCommandExecutor.java:160)
	at io.appium.java_client.remote.AppiumCommandExecutor.execute(AppiumCommandExecutor.java:89)
	at org.openqa.selenium.remote.RemoteWebDriver.execute(RemoteWebDriver.java:601)
	at io.appium.java_client.DefaultGenericMobileDriver.execute(DefaultGenericMobileDriver.java:42)
	at io.appium.java_client.AppiumDriver.execute(AppiumDriver.java:1)
	at org.openqa.selenium.remote.RemoteWebDriver.findElement(RemoteWebDriver.java:371)
	at io.appium.java_client.DefaultGenericMobileDriver.findElement(DefaultGenericMobileDriver.java:62)
	at io.appium.java_client.AppiumDriver.findElement(AppiumDriver.java:1)
	at org.openqa.selenium.remote.RemoteWebDriver.findElementByXPath(RemoteWebDriver.java:473)
	at io.appium.java_client.DefaultGenericMobileDriver.findElementByXPath(DefaultGenericMobileDriver.java:140)
	at io.appium.java_client.AppiumDriver.findElementByXPath(AppiumDriver.java:1)
	at org.openqa.selenium.By$ByXPath.findElement(By.java:361)
	at org.openqa.selenium.remote.RemoteWebDriver.findElement(RemoteWebDriver.java:363)
	at io.appium.java_client.DefaultGenericMobileDriver.findElement(DefaultGenericMobileDriver.java:58)
	at io.appium.java_client.AppiumDriver.findElement(AppiumDriver.java:1)
	at dweb.aut.pages.templates.PageTemplate.click(PageTemplate.java:115)
	at dweb.aut.pages.i18n.breyers.HomePage.clickMenu(HomePage.java:43)
	at mweb.aut.pages.i18n.breyers.HomePage.clickMenus(HomePage.java:32)
	at mweb.test.i18n.breyers.functionaltests.TestBreyers.testMenus(TestBreyers.java:25)
	at sun.reflect.NativeMethodAccessorImpl.invoke0(Native Method)
	at sun.reflect.NativeMethodAccessorImpl.invoke(NativeMethodAccessorImpl.java:62)
	at sun.reflect.DelegatingMethodAccessorImpl.invoke(DelegatingMethodAccessorImpl.java:43)
	at java.lang.reflect.Method.invoke(Method.java:498)
	at org.testng.internal.MethodInvocationHelper.invokeMethod(MethodInvocationHelper.java:108)
	at org.testng.internal.Invoker.invokeMethod(Invoker.java:661)
	at org.testng.internal.Invoker.invokeTestMethod(Invoker.java:869)
	at org.testng.internal.Invoker.invokeTestMethods(Invoker.java:1193)
	at org.testng.internal.TestMethodWorker.invokeTestMethods(TestMethodWorker.java:126)
	at org.testng.internal.TestMethodWorker.run(TestMethodWorker.java:109)
	at org.testng.TestRunner.privateRun(TestRunner.java:744)
	at org.testng.TestRunner.run(TestRunner.java:602)
	at org.testng.SuiteRunner.runTest(SuiteRunner.java:380)
	at org.testng.SuiteRunner.access$000(SuiteRunner.java:39)
	at org.testng.SuiteRunner$SuiteWorker.run(SuiteRunner.java:414)
	at org.testng.internal.thread.ThreadUtil$1.call(ThreadUtil.java:52)
	at java.util.concurrent.FutureTask.run(FutureTask.java:266)
	at java.util.concurrent.ThreadPoolExecutor.runWorker(ThreadPoolExecutor.java:1149)
	at java.util.concurrent.ThreadPoolExecutor$Worker.run(ThreadPoolExecutor.java:624)
	at java.lang.Thread.run(Thread.java:748)
</pre></td>
				</tr>
				<tr class='log' status='info'>
					<td class='status info' title='info' alt='info'><i class='material-icons'>info_outline</i></td>
					<td class='timestamp'>9:27:43 PM</td>
					<td class='step-details'>Appllication Screen After Clicking Menu - NUESTRAS VAINILLAS<img data-featherlight='ErrorScreenshots\Screenshot_13_29-03-2018_21_27_42_719_1.jpg' width='10%' src='ErrorScreenshots\Screenshot_13_29-03-2018_21_27_42_719_1.jpg' data-src='ErrorScreenshots\Screenshot_13_29-03-2018_21_27_42_719_1.jpg'></td>
				</tr>
				<tr class='log' status='pass'>
					<td class='status pass' title='pass' alt='pass'><i class='material-icons'>check_circle</i></td>
					<td class='timestamp'>9:27:45 PM</td>
					<td class='step-details'>StepName - isElementVisible, StepDescription - Element Present - (By - By.xpath: //a[starts-with(text(), 'PRODUCTOS')])</td>
				</tr>
				<tr class='log' status='pass'>
					<td class='status pass' title='pass' alt='pass'><i class='material-icons'>check_circle</i></td>
					<td class='timestamp'>9:27:45 PM</td>
					<td class='step-details'>StepName - waitUntilElementIsClickable, StepDescription - Element clickable - (By - By.xpath: //a[starts-with(text(), 'PRODUCTOS')])</td>
				</tr>
				<tr class='log' status='pass'>
					<td class='status pass' title='pass' alt='pass'><i class='material-icons'>check_circle</i></td>
					<td class='timestamp'>9:27:57 PM</td>
					<td class='step-details'>StepName - Click, StepDescription - Click Performed On Locator - <mark>By.xpath: //a[starts-with(text(), 'PRODUCTOS')]</mark></td>
				</tr>
				<tr class='log' status='info'>
					<td class='status info' title='info' alt='info'><i class='material-icons'>info_outline</i></td>
					<td class='timestamp'>9:27:58 PM</td>
					<td class='step-details'>Appllication Screen After Clicking Menu - PRODUCTOS<img data-featherlight='ErrorScreenshots\Screenshot_13_29-03-2018_21_27_57_733_1.jpg' width='10%' src='ErrorScreenshots\Screenshot_13_29-03-2018_21_27_57_733_1.jpg' data-src='ErrorScreenshots\Screenshot_13_29-03-2018_21_27_57_733_1.jpg'></td>
				</tr>
				<tr class='log' status='info'>
					<td class='status info' title='info' alt='info'><i class='material-icons'>info_outline</i></td>
					<td class='timestamp'>9:28:00 PM</td>
					<td class='step-details'>Element Not Prensent - (By - By.xpath: //a[starts-with(text(), 'RECETAS')])</td>
				</tr>
				<tr class='log' status='pass'>
					<td class='status pass' title='pass' alt='pass'><i class='material-icons'>check_circle</i></td>
					<td class='timestamp'>9:28:00 PM</td>
					<td class='step-details'>StepName - waitUntilElementIsClickable, StepDescription - Element clickable - (By - By.xpath: //button[@data-ct-action='Drawer Menu'])</td>
				</tr>
				<tr class='log' status='pass'>
					<td class='status pass' title='pass' alt='pass'><i class='material-icons'>check_circle</i></td>
					<td class='timestamp'>9:28:01 PM</td>
					<td class='step-details'>StepName - Click, StepDescription - Click Performed On Locator - <mark>By.xpath: //button[@data-ct-action='Drawer Menu']</mark></td>
				</tr>
				<tr class='log' status='pass'>
					<td class='status pass' title='pass' alt='pass'><i class='material-icons'>check_circle</i></td>
					<td class='timestamp'>9:28:01 PM</td>
					<td class='step-details'>StepName - waitUntilElementIsClickable, StepDescription - Element clickable - (By - By.xpath: //a[starts-with(text(), 'RECETAS')])</td>
				</tr>
				<tr class='log' status='pass'>
					<td class='status pass' title='pass' alt='pass'><i class='material-icons'>check_circle</i></td>
					<td class='timestamp'>9:28:09 PM</td>
					<td class='step-details'>StepName - Click, StepDescription - Click Performed On Locator - <mark>By.xpath: //a[starts-with(text(), 'RECETAS')]</mark></td>
				</tr>
				<tr class='log' status='info'>
					<td class='status info' title='info' alt='info'><i class='material-icons'>info_outline</i></td>
					<td class='timestamp'>9:28:10 PM</td>
					<td class='step-details'>Appllication Screen After Clicking Menu - RECETAS<img data-featherlight='ErrorScreenshots\Screenshot_13_29-03-2018_21_28_09_500_1.jpg' width='10%' src='ErrorScreenshots\Screenshot_13_29-03-2018_21_28_09_500_1.jpg' data-src='ErrorScreenshots\Screenshot_13_29-03-2018_21_28_09_500_1.jpg'></td>
				</tr>
				<tr class='log' status='info'>
					<td class='status info' title='info' alt='info'><i class='material-icons'>info_outline</i></td>
					<td class='timestamp'>9:28:10 PM</td>
					<td class='step-details'>Thread - 13 , Completes Executing Test Method - testMenus On Browser - Chrome</td>
				</tr>
			</tbody>
		</table>
	</div>
					</div>
				</li>
			</ul>
		</div>
	</div>
	<!-- subview left -->

	<div class='subview-right left'>
		<div class='view-summary'>
			<h5 class='test-name'></h5>

			<div id='step-filters' class="right">
				<span class="blue-text" status="info" alt="info" title="info"><i class="material-icons">info_outline</i></span>
				<span class="green-text" status="pass" alt="pass" title="pass"><i class="material-icons">check_circle</i></span>
				<span class="red-text" status="fail" alt="fail" title="fail"><i class="material-icons">cancel</i></span>
				<span class="red-text text-darken-4" status="fatal" alt="fatal" title="fatal"><i class="material-icons">cancel</i></span>
				<span class="pink-text text-lighten-1" status="error" alt="error" title="error"><i class="material-icons">error</i></span>
				<span class="orange-text" alt="warning" status="warning" title="warning"><i class="material-icons">warning</i></span>
				<span class="teal-text" status="skip" alt="skip" title="skip"><i class="material-icons">redo</i></span>
				<span status="clear" alt="Clear filters" title="Clear filters"><i class="material-icons">clear</i></span>
			</div>
		</div>
	</div>
	<!-- subview right -->

</div>
<!-- test view -->
<!-- category view -->
<div id='exception-view' class='view hide'>

    <section id='controls'>
        <div class='controls grey lighten-4'>
            <!-- search -->
            <div class='chip transparent' alt='Search Tests' title='Search Tests'>
                <a href="#" class='search-div'>
                    <i class='material-icons'>search</i> Search
                </a>

                <div class='input-field left hide'>
                    <input id='search-tests' type='text' class='validate browser-default' placeholder='Search Tests...'>
                </div>

            </div>
            <!-- search -->
        </div>
    </section>

    <div class='subview-left left'>

        <div class='view-summary'>
            <h5>Exceptions</h3>
                <ul id='exception-collection' class='exception-collection'>

                        <li class='exception displayed active'>
                            <div class='exception-heading'>
                                <span class='exception-name'>org.openqa.selenium.NoSuchElementException</span>
                                <span class='exception-count right'><span class='label red lighten-1 white-text'>1</span></span>
                            </div>
                            <div class='exception-content hide'>
                                <div class='exception-tests'>
                                    <table class='bordered table-results'>
                                        <thead>
                                        <tr>
                                            <th>Timestamp</th>
                                            <th>TestName</th>
                                            <th>Status</th>
                                        </tr>
                                        </thead>
                                        <tbody>
                                                    <tr>
                                                        <td>Mar 29, 2018 09:23:21 PM</td>
                                                        <td class='linked' test-id='2'>TestBreyers_en_Mobile_Android Emulator_Tablet-testMenus</td>
                                                        <td><pre><pre>org.openqa.selenium.NoSuchElementException: no such element: Unable to locate element: {"method":"xpath","selector":"//a[starts-with(text(), 'NUESTRO COMPROMISO')]"}
  (Session info: chrome=61.0.3163.98)
  (Driver info: chromedriver=2.33.506120 (e3e53437346286c0bc2d2dc9aa4915ba81d9023f),platform=Windows NT 6.1.7601 SP1 x86_64) (WARNING: The server did not provide any stacktrace information)
Command duration or timeout: 0 milliseconds
For documentation on this error, please visit: http://seleniumhq.org/exceptions/no_such_element.html
Build info: version: '3.6.0', revision: '6fbf3ec767', time: '2017-09-27T15:28:36.4Z'
System info: host: 'HW1203', ip: '10.99.99.67', os.name: 'Windows 7', os.arch: 'amd64', os.version: '6.1', java.version: '1.8.0_144'
Driver info: io.appium.java_client.AppiumDriver
Capabilities [{localeLanguage=es, platformVersion=8.1, automationName=UiAutomator2, browserName=Chrome, appURL=https://secure.breyers.com, javascriptEnabled=true, automationKit=appium, platformName=ANDROID, deviceName=Android emulator, avd=10.1_WXGA_Tablet_API_27, avdReadyTimeout=300000, platform=ANDROID}]
Session ID: c0e834bc-0e6f-4c7e-b79b-c9a960224322
*** Element info: {Using=xpath, value=//a[starts-with(text(), 'NUESTRO COMPROMISO')]}
	at sun.reflect.NativeConstructorAccessorImpl.newInstance0(Native Method)
	at sun.reflect.NativeConstructorAccessorImpl.newInstance(NativeConstructorAccessorImpl.java:62)
	at sun.reflect.DelegatingConstructorAccessorImpl.newInstance(DelegatingConstructorAccessorImpl.java:45)
	at java.lang.reflect.Constructor.newInstance(Constructor.java:423)
	at org.openqa.selenium.remote.ErrorHandler.createThrowable(ErrorHandler.java:214)
	at org.openqa.selenium.remote.ErrorHandler.throwIfResponseFailed(ErrorHandler.java:166)
	at org.openqa.selenium.remote.http.JsonHttpResponseCodec.reconstructValue(JsonHttpResponseCodec.java:40)
	at org.openqa.selenium.remote.http.AbstractHttpResponseCodec.decode(AbstractHttpResponseCodec.java:80)
	at org.openqa.selenium.remote.http.AbstractHttpResponseCodec.decode(AbstractHttpResponseCodec.java:44)
	at org.openqa.selenium.remote.HttpCommandExecutor.execute(HttpCommandExecutor.java:160)
	at io.appium.java_client.remote.AppiumCommandExecutor.execute(AppiumCommandExecutor.java:89)
	at org.openqa.selenium.remote.RemoteWebDriver.execute(RemoteWebDriver.java:601)
	at io.appium.java_client.DefaultGenericMobileDriver.execute(DefaultGenericMobileDriver.java:42)
	at io.appium.java_client.AppiumDriver.execute(AppiumDriver.java:1)
	at org.openqa.selenium.remote.RemoteWebDriver.findElement(RemoteWebDriver.java:371)
	at io.appium.java_client.DefaultGenericMobileDriver.findElement(DefaultGenericMobileDriver.java:62)
	at io.appium.java_client.AppiumDriver.findElement(AppiumDriver.java:1)
	at org.openqa.selenium.remote.RemoteWebDriver.findElementByXPath(RemoteWebDriver.java:473)
	at io.appium.java_client.DefaultGenericMobileDriver.findElementByXPath(DefaultGenericMobileDriver.java:140)
	at io.appium.java_client.AppiumDriver.findElementByXPath(AppiumDriver.java:1)
	at org.openqa.selenium.By$ByXPath.findElement(By.java:361)
	at org.openqa.selenium.remote.RemoteWebDriver.findElement(RemoteWebDriver.java:363)
	at io.appium.java_client.DefaultGenericMobileDriver.findElement(DefaultGenericMobileDriver.java:58)
	at io.appium.java_client.AppiumDriver.findElement(AppiumDriver.java:1)
	at dweb.aut.pages.templates.PageTemplate.click(PageTemplate.java:115)
	at dweb.aut.pages.i18n.breyers.HomePage.clickMenu(HomePage.java:43)
	at mweb.aut.pages.i18n.breyers.HomePage.clickMenus(HomePage.java:32)
	at mweb.test.i18n.breyers.functionaltests.TestBreyers.testMenus(TestBreyers.java:25)
	at sun.reflect.NativeMethodAccessorImpl.invoke0(Native Method)
	at sun.reflect.NativeMethodAccessorImpl.invoke(NativeMethodAccessorImpl.java:62)
	at sun.reflect.DelegatingMethodAccessorImpl.invoke(DelegatingMethodAccessorImpl.java:43)
	at java.lang.reflect.Method.invoke(Method.java:498)
	at org.testng.internal.MethodInvocationHelper.invokeMethod(MethodInvocationHelper.java:108)
	at org.testng.internal.Invoker.invokeMethod(Invoker.java:661)
	at org.testng.internal.Invoker.invokeTestMethod(Invoker.java:869)
	at org.testng.internal.Invoker.invokeTestMethods(Invoker.java:1193)
	at org.testng.internal.TestMethodWorker.invokeTestMethods(TestMethodWorker.java:126)
	at org.testng.internal.TestMethodWorker.run(TestMethodWorker.java:109)
	at org.testng.TestRunner.privateRun(TestRunner.java:744)
	at org.testng.TestRunner.run(TestRunner.java:602)
	at org.testng.SuiteRunner.runTest(SuiteRunner.java:380)
	at org.testng.SuiteRunner.access$000(SuiteRunner.java:39)
	at org.testng.SuiteRunner$SuiteWorker.run(SuiteRunner.java:414)
	at org.testng.internal.thread.ThreadUtil$1.call(ThreadUtil.java:52)
	at java.util.concurrent.FutureTask.run(FutureTask.java:266)
	at java.util.concurrent.ThreadPoolExecutor.runWorker(ThreadPoolExecutor.java:1149)
	at java.util.concurrent.ThreadPoolExecutor$Worker.run(ThreadPoolExecutor.java:624)
	at java.lang.Thread.run(Thread.java:748)
</pre></pre></td>
                                                    </tr>
                                                    <tr>
                                                        <td>Mar 29, 2018 09:23:21 PM</td>
                                                        <td class='linked' test-id='2'>TestBreyers_en_Mobile_Android Emulator_Tablet-testMenus</td>
                                                        <td><pre><pre>org.openqa.selenium.NoSuchElementException: no such element: Unable to locate element: {"method":"xpath","selector":"//a[starts-with(text(), 'NUESTRAS VAINILLAS')]"}
  (Session info: chrome=61.0.3163.98)
  (Driver info: chromedriver=2.33.506120 (e3e53437346286c0bc2d2dc9aa4915ba81d9023f),platform=Windows NT 6.1.7601 SP1 x86_64) (WARNING: The server did not provide any stacktrace information)
Command duration or timeout: 0 milliseconds
For documentation on this error, please visit: http://seleniumhq.org/exceptions/no_such_element.html
Build info: version: '3.6.0', revision: '6fbf3ec767', time: '2017-09-27T15:28:36.4Z'
System info: host: 'HW1203', ip: '10.99.99.67', os.name: 'Windows 7', os.arch: 'amd64', os.version: '6.1', java.version: '1.8.0_144'
Driver info: io.appium.java_client.AppiumDriver
Capabilities [{localeLanguage=es, platformVersion=8.1, automationName=UiAutomator2, browserName=Chrome, appURL=https://secure.breyers.com, javascriptEnabled=true, automationKit=appium, platformName=ANDROID, deviceName=Android emulator, avd=10.1_WXGA_Tablet_API_27, avdReadyTimeout=300000, platform=ANDROID}]
Session ID: c0e834bc-0e6f-4c7e-b79b-c9a960224322
*** Element info: {Using=xpath, value=//a[starts-with(text(), 'NUESTRAS VAINILLAS')]}
	at sun.reflect.NativeConstructorAccessorImpl.newInstance0(Native Method)
	at sun.reflect.NativeConstructorAccessorImpl.newInstance(NativeConstructorAccessorImpl.java:62)
	at sun.reflect.DelegatingConstructorAccessorImpl.newInstance(DelegatingConstructorAccessorImpl.java:45)
	at java.lang.reflect.Constructor.newInstance(Constructor.java:423)
	at org.openqa.selenium.remote.ErrorHandler.createThrowable(ErrorHandler.java:214)
	at org.openqa.selenium.remote.ErrorHandler.throwIfResponseFailed(ErrorHandler.java:166)
	at org.openqa.selenium.remote.http.JsonHttpResponseCodec.reconstructValue(JsonHttpResponseCodec.java:40)
	at org.openqa.selenium.remote.http.AbstractHttpResponseCodec.decode(AbstractHttpResponseCodec.java:80)
	at org.openqa.selenium.remote.http.AbstractHttpResponseCodec.decode(AbstractHttpResponseCodec.java:44)
	at org.openqa.selenium.remote.HttpCommandExecutor.execute(HttpCommandExecutor.java:160)
	at io.appium.java_client.remote.AppiumCommandExecutor.execute(AppiumCommandExecutor.java:89)
	at org.openqa.selenium.remote.RemoteWebDriver.execute(RemoteWebDriver.java:601)
	at io.appium.java_client.DefaultGenericMobileDriver.execute(DefaultGenericMobileDriver.java:42)
	at io.appium.java_client.AppiumDriver.execute(AppiumDriver.java:1)
	at org.openqa.selenium.remote.RemoteWebDriver.findElement(RemoteWebDriver.java:371)
	at io.appium.java_client.DefaultGenericMobileDriver.findElement(DefaultGenericMobileDriver.java:62)
	at io.appium.java_client.AppiumDriver.findElement(AppiumDriver.java:1)
	at org.openqa.selenium.remote.RemoteWebDriver.findElementByXPath(RemoteWebDriver.java:473)
	at io.appium.java_client.DefaultGenericMobileDriver.findElementByXPath(DefaultGenericMobileDriver.java:140)
	at io.appium.java_client.AppiumDriver.findElementByXPath(AppiumDriver.java:1)
	at org.openqa.selenium.By$ByXPath.findElement(By.java:361)
	at org.openqa.selenium.remote.RemoteWebDriver.findElement(RemoteWebDriver.java:363)
	at io.appium.java_client.DefaultGenericMobileDriver.findElement(DefaultGenericMobileDriver.java:58)
	at io.appium.java_client.AppiumDriver.findElement(AppiumDriver.java:1)
	at dweb.aut.pages.templates.PageTemplate.click(PageTemplate.java:115)
	at dweb.aut.pages.i18n.breyers.HomePage.clickMenu(HomePage.java:43)
	at mweb.aut.pages.i18n.breyers.HomePage.clickMenus(HomePage.java:32)
	at mweb.test.i18n.breyers.functionaltests.TestBreyers.testMenus(TestBreyers.java:25)
	at sun.reflect.NativeMethodAccessorImpl.invoke0(Native Method)
	at sun.reflect.NativeMethodAccessorImpl.invoke(NativeMethodAccessorImpl.java:62)
	at sun.reflect.DelegatingMethodAccessorImpl.invoke(DelegatingMethodAccessorImpl.java:43)
	at java.lang.reflect.Method.invoke(Method.java:498)
	at org.testng.internal.MethodInvocationHelper.invokeMethod(MethodInvocationHelper.java:108)
	at org.testng.internal.Invoker.invokeMethod(Invoker.java:661)
	at org.testng.internal.Invoker.invokeTestMethod(Invoker.java:869)
	at org.testng.internal.Invoker.invokeTestMethods(Invoker.java:1193)
	at org.testng.internal.TestMethodWorker.invokeTestMethods(TestMethodWorker.java:126)
	at org.testng.internal.TestMethodWorker.run(TestMethodWorker.java:109)
	at org.testng.TestRunner.privateRun(TestRunner.java:744)
	at org.testng.TestRunner.run(TestRunner.java:602)
	at org.testng.SuiteRunner.runTest(SuiteRunner.java:380)
	at org.testng.SuiteRunner.access$000(SuiteRunner.java:39)
	at org.testng.SuiteRunner$SuiteWorker.run(SuiteRunner.java:414)
	at org.testng.internal.thread.ThreadUtil$1.call(ThreadUtil.java:52)
	at java.util.concurrent.FutureTask.run(FutureTask.java:266)
	at java.util.concurrent.ThreadPoolExecutor.runWorker(ThreadPoolExecutor.java:1149)
	at java.util.concurrent.ThreadPoolExecutor$Worker.run(ThreadPoolExecutor.java:624)
	at java.lang.Thread.run(Thread.java:748)
</pre></pre></td>
                                                    </tr>
                                        </tbody>
                                    </table>
                                </div>
                            </div>
                        </li>
                        <li class='exception displayed active'>
                            <div class='exception-heading'>
                                <span class='exception-name'>org.openqa.selenium.WebDriverException</span>
                                <span class='exception-count right'><span class='label red lighten-1 white-text'>1</span></span>
                            </div>
                            <div class='exception-content hide'>
                                <div class='exception-tests'>
                                    <table class='bordered table-results'>
                                        <thead>
                                        <tr>
                                            <th>Timestamp</th>
                                            <th>TestName</th>
                                            <th>Status</th>
                                        </tr>
                                        </thead>
                                        <tbody>
                                                    <tr>
                                                        <td>Mar 29, 2018 09:23:21 PM</td>
                                                        <td class='linked' test-id='2'>TestBreyers_en_Mobile_Android Emulator_Tablet-testMenus</td>
                                                        <td><pre><textarea>org.openqa.selenium.WebDriverException: unknown error: Element <button type="button" class="navbar-toggle bws-drawermenu-toggle-h bws-mobile-menu visible-xs visible-sm is-expanded" aria-haspopup="true" data-ct-category="Custom" data-ct-action="Drawer Menu" data-ct-information="Drawer Menu" data-ct-attr="ctDrawerMenu">...</button> is not clickable at point (770, 30). Other element would receive the click: <a href="/es-US/home/about" title="SOBRE NOSOTROS" class="" data-ct-category="Custom" data-ct-action="Top Navigation" data-ct-information="SOBRE NOSOTROS" data-ct-attr="TopNav-SOBRE NOSOTROS">...</a>
  (Session info: chrome=61.0.3163.98)
  (Driver info: chromedriver=2.33.506120 (e3e53437346286c0bc2d2dc9aa4915ba81d9023f),platform=Windows NT 6.1.7601 SP1 x86_64) (WARNING: The server did not provide any stacktrace information)
Command duration or timeout: 0 milliseconds
Build info: version: '3.6.0', revision: '6fbf3ec767', time: '2017-09-27T15:28:36.4Z'
System info: host: 'HW1203', ip: '10.99.99.67', os.name: 'Windows 7', os.arch: 'amd64', os.version: '6.1', java.version: '1.8.0_144'
Driver info: io.appium.java_client.AppiumDriver
Capabilities [{localeLanguage=es, platformVersion=8.1, automationName=UiAutomator2, browserName=Chrome, appURL=https://secure.breyers.com, javascriptEnabled=true, automationKit=appium, platformName=ANDROID, deviceName=Android emulator, avd=10.1_WXGA_Tablet_API_27, avdReadyTimeout=300000, platform=ANDROID}]
Session ID: c0e834bc-0e6f-4c7e-b79b-c9a960224322
	at sun.reflect.NativeConstructorAccessorImpl.newInstance0(Native Method)
	at sun.reflect.NativeConstructorAccessorImpl.newInstance(NativeConstructorAccessorImpl.java:62)
	at sun.reflect.DelegatingConstructorAccessorImpl.newInstance(DelegatingConstructorAccessorImpl.java:45)
	at java.lang.reflect.Constructor.newInstance(Constructor.java:423)
	at org.openqa.selenium.remote.ErrorHandler.createThrowable(ErrorHandler.java:214)
	at org.openqa.selenium.remote.ErrorHandler.throwIfResponseFailed(ErrorHandler.java:166)
	at org.openqa.selenium.remote.http.JsonHttpResponseCodec.reconstructValue(JsonHttpResponseCodec.java:40)
	at org.openqa.selenium.remote.http.AbstractHttpResponseCodec.decode(AbstractHttpResponseCodec.java:80)
	at org.openqa.selenium.remote.http.AbstractHttpResponseCodec.decode(AbstractHttpResponseCodec.java:44)
	at org.openqa.selenium.remote.HttpCommandExecutor.execute(HttpCommandExecutor.java:160)
	at io.appium.java_client.remote.AppiumCommandExecutor.execute(AppiumCommandExecutor.java:89)
	at org.openqa.selenium.remote.RemoteWebDriver.execute(RemoteWebDriver.java:601)
	at io.appium.java_client.DefaultGenericMobileDriver.execute(DefaultGenericMobileDriver.java:42)
	at io.appium.java_client.AppiumDriver.execute(AppiumDriver.java:1)
	at org.openqa.selenium.remote.RemoteWebElement.execute(RemoteWebElement.java:279)
	at io.appium.java_client.DefaultGenericMobileElement.execute(DefaultGenericMobileElement.java:45)
	at io.appium.java_client.MobileElement.execute(MobileElement.java:1)
	at io.appium.java_client.android.AndroidElement.execute(AndroidElement.java:1)
	at org.openqa.selenium.remote.RemoteWebElement.click(RemoteWebElement.java:83)
	at dweb.aut.pages.templates.PageTemplate.click(PageTemplate.java:115)
	at mweb.aut.pages.i18n.breyers.HomePage.clickMenus(HomePage.java:29)
	at mweb.test.i18n.breyers.functionaltests.TestBreyers.testMenus(TestBreyers.java:25)
	at sun.reflect.NativeMethodAccessorImpl.invoke0(Native Method)
	at sun.reflect.NativeMethodAccessorImpl.invoke(NativeMethodAccessorImpl.java:62)
	at sun.reflect.DelegatingMethodAccessorImpl.invoke(DelegatingMethodAccessorImpl.java:43)
	at java.lang.reflect.Method.invoke(Method.java:498)
	at org.testng.internal.MethodInvocationHelper.invokeMethod(MethodInvocationHelper.java:108)
	at org.testng.internal.Invoker.invokeMethod(Invoker.java:661)
	at org.testng.internal.Invoker.invokeTestMethod(Invoker.java:869)
	at org.testng.internal.Invoker.invokeTestMethods(Invoker.java:1193)
	at org.testng.internal.TestMethodWorker.invokeTestMethods(TestMethodWorker.java:126)
	at org.testng.internal.TestMethodWorker.run(TestMethodWorker.java:109)
	at org.testng.TestRunner.privateRun(TestRunner.java:744)
	at org.testng.TestRunner.run(TestRunner.java:602)
	at org.testng.SuiteRunner.runTest(SuiteRunner.java:380)
	at org.testng.SuiteRunner.access$000(SuiteRunner.java:39)
	at org.testng.SuiteRunner$SuiteWorker.run(SuiteRunner.java:414)
	at org.testng.internal.thread.ThreadUtil$1.call(ThreadUtil.java:52)
	at java.util.concurrent.FutureTask.run(FutureTask.java:266)
	at java.util.concurrent.ThreadPoolExecutor.runWorker(ThreadPoolExecutor.java:1149)
	at java.util.concurrent.ThreadPoolExecutor$Worker.run(ThreadPoolExecutor.java:624)
	at java.lang.Thread.run(Thread.java:748)
</textarea></pre></td>
                                                    </tr>
                                        </tbody>
                                    </table>
                                </div>
                            </div>
                        </li>
                </ul>
        </div>
    </div>

    <div class='subview-right left'>
        <div class='view-summary'>
            <h5 class='exception-name'></h5>
        </div>
    </div>
</div>
<!-- exception view -->
<div id='dashboard-view' class='view hide'>
	<div class='card-panel transparent np-v'>
		<h5>Dashboard</h5>

		<div class='row'>
			<div class='col s2'>
				<div class='card-panel r'>
					Tests
					<div class='panel-lead'>2</div>
				</div>
			</div>
			<div class='col s2'>
				<div class='card-panel r'>
					Steps
					<div class='panel-lead'>103</div>
				</div>
			</div>
			<div class='col s2'>
				<div class='card-panel r'>
					Start
					<div class='panel-lead'>Mar 29, 2018 09:22:33 PM</div>
				</div>
			</div>
			<div class='col s2'>
				<div class='card-panel r'>
			 		End
			 		<div class='panel-lead'>Mar 29, 2018 09:29:09 PM</div>
				</div>
			</div>
			<div class='col s2'>
				<div class='card-panel r'>
					Time Taken
					<div class='panel-lead'>0h 6m 35s+277ms</div>
				</div>
			</div>
			<div class='col s4'>
				<div class='card-panel dashboard-environment'>
					<span class='right label cyan white-text'>Environment</span><p>&nbsp;</p>
					
					<table>
						<tr>
							<th>Name</th>
							<th>Value</th>
						</tr>
							<tr>
								<td>IP</td>
								<td>10.99.99.67</td>
							</tr>
							<tr>
								<td>Host Name</td>
								<td>HW1203</td>
							</tr>
							<tr>
								<td>User Name</td>
								<td>E001518</td>
							</tr>
					</table>
				</div>
			</div>
		</div>
	</div>
</div>
<!-- dashboard view -->
<!-- testrunner-logs view -->
		</div>
		<!-- container -->

		<script>
			var statusGroup = {
				passParent: 1,
				failParent: 1,
				fatalParent: 0,
				errorParent: 0,
				warningParent: 0,
				skipParent: 0,
				exceptionsParent: 1,
				
				passChild: 62,
				failChild: 3,
				fatalChild: 0,
				errorChild: 3,
				warningChild: 2,
				skipChild: 0,
				infoChild: 33,
				exceptionsChild: 8,
				
				passGrandChild: 0,
				failGrandChild: 0,
				fatalGrandChild: 0,
				errorGrandChild: 0,
				warningGrandChild: 0,
				skipGrandChild: 0,
				infoGrandChild: 0,
				exceptionsGrandChild: 0,
			};
		</script>
		
			<script src='https://cdn.rawgit.com/anshooarora/extentreports-java/fca20fb7653aade98810546ab96a2a4360e3e712/dist/js/extent.js' type='text/javascript'></script>
		
		
 		<script type='text/javascript'>
 			
            
                $(document).ready(function() {
                    
                });
            
        
 		</script>
	</body>
	
</html>
